\BOOKMARK [0][-]{chapter.1}{\376\377\000P\000r\000a\000c\000t\000i\000c\000a\000l\000\040\000S\000k\000i\000l\000l\000s}{}% 1
\BOOKMARK [1][-]{section.1.1}{\376\377\000I\000n\000t\000r\000o\000d\000u\000c\000t\000i\000o\000n}{chapter.1}% 2
\BOOKMARK [0][-]{chapter.2}{\376\377\000F\000o\000u\000n\000d\000a\000t\000i\000o\000n\000s\000\040\000o\000f\000\040\000P\000h\000y\000s\000i\000c\000s}{}% 3
\BOOKMARK [1][-]{section.2.1}{\376\377\000I\000n\000t\000r\000o\000d\000u\000c\000t\000i\000o\000n}{chapter.2}% 4
\BOOKMARK [0][-]{chapter.3}{\376\377\000F\000o\000r\000c\000e\000s\000\040\000a\000n\000d\000\040\000M\000o\000t\000i\000o\000n}{}% 5
\BOOKMARK [1][-]{section.3.1}{\376\377\000M\000o\000t\000i\000o\000n}{chapter.3}% 6
\BOOKMARK [2][-]{subsection.3.1.1}{\376\377\000D\000e\000f\000i\000n\000i\000t\000i\000o\000n\000s}{section.3.1}% 7
\BOOKMARK [2][-]{subsection.3.1.2}{\376\377\000G\000r\000a\000p\000h\000s\000\040\000o\000f\000\040\000m\000o\000t\000i\000o\000n}{section.3.1}% 8
\BOOKMARK [2][-]{subsection.3.1.3}{\376\377\000C\000o\000n\000s\000t\000a\000n\000t\000\040\000A\000c\000c\000e\000l\000e\000r\000a\000t\000i\000o\000n\000\040\000E\000q\000u\000a\000t\000i\000o\000n\000s}{section.3.1}% 9
\BOOKMARK [2][-]{subsection.3.1.4}{\376\377\000P\000r\000o\000j\000e\000c\000t\000i\000l\000e\000\040\000M\000o\000t\000i\000o\000n}{section.3.1}% 10
\BOOKMARK [1][-]{section.3.2}{\376\377\000F\000o\000r\000c\000e\000s}{chapter.3}% 11
\BOOKMARK [2][-]{subsection.3.2.1}{\376\377\000T\000h\000e\000\040\000N\000e\000w\000t\000o\000n}{section.3.2}% 12
\BOOKMARK [2][-]{subsection.3.2.2}{\376\377\000C\000e\000n\000t\000e\000r\000\040\000o\000f\000\040\000M\000a\000s\000s}{section.3.2}% 13
\BOOKMARK [0][-]{chapter.4}{\376\377\000E\000l\000e\000c\000t\000r\000o\000n\000s\000,\000\040\000W\000a\000v\000e\000s\000,\000\040\000a\000n\000d\000\040\000P\000h\000o\000t\000o\000n\000s}{}% 14
\BOOKMARK [1][-]{section.4.1}{\376\377\000C\000h\000a\000r\000g\000e\000\040\000a\000n\000d\000\040\000C\000u\000r\000r\000e\000n\000t}{chapter.4}% 15
\BOOKMARK [2][-]{subsection.4.1.1}{\376\377\000C\000h\000a\000r\000g\000e}{section.4.1}% 16
\BOOKMARK [2][-]{subsection.4.1.2}{\376\377\000E\000l\000e\000c\000t\000r\000o\000n\000\040\000D\000r\000i\000f\000t\000\040\000V\000e\000l\000o\000c\000i\000t\000y}{section.4.1}% 17
\BOOKMARK [1][-]{section.4.2}{\376\377\000E\000n\000e\000r\000g\000y\000,\000\040\000P\000o\000w\000e\000r\000,\000\040\000a\000n\000d\000\040\000R\000e\000s\000i\000s\000t\000a\000n\000c\000e}{chapter.4}% 18
\BOOKMARK [2][-]{subsection.4.2.1}{\376\377\000P\000o\000t\000e\000n\000t\000i\000a\000l\000\040\000D\000i\000f\000f\000e\000r\000e\000n\000c\000e\000\040\000a\000n\000d\000\040\000E\000l\000e\000c\000t\000r\000o\000m\000o\000t\000i\000v\000e\000\040\000F\000o\000r\000c\000e}{section.4.2}% 19
\BOOKMARK [2][-]{subsection.4.2.2}{\376\377\000R\000e\000s\000i\000s\000t\000a\000n\000c\000e\000\040\000a\000n\000d\000\040\000O\000h\000m\000'\000s\000\040\000L\000a\000w}{section.4.2}% 20
\BOOKMARK [2][-]{subsection.4.2.3}{\376\377\000R\000e\000s\000i\000s\000t\000i\000v\000i\000t\000y}{section.4.2}% 21
\BOOKMARK [2][-]{subsection.4.2.4}{\376\377\000P\000o\000w\000e\000r}{section.4.2}% 22
